<?xml version="1.0" encoding="UTF-8"?>
<!-- Generated by org.testng.reporters.JUnitXMLReporter -->
<testsuite ignored="0" hostname="LAPTOP-33RSLTBH" failures="0" tests="9" name="Default test" time="76.332" errors="0" timestamp="2024-12-15T21:15:31 IST">
  <testcase classname="com.selenium.project.testcases.Login" name="loginWithDataDriven" time="2.443"/>
  <testcase classname="com.selenium.project.testcases.Login" name="loginWithDataDriven" time="2.271"/>
  <testcase classname="com.selenium.project.testcases.Login" name="loginWithInValidCredenetials" time="2.302"/>
  <testcase classname="com.selenium.project.testcases.Login" name="loginWithInValidUsernameAndValidPassword" time="2.964"/>
  <testcase classname="com.selenium.project.testcases.Login" name="loginWithValidCredenetials" time="2.323"/>
  <testcase classname="com.selenium.project.testcases.Login" name="loginWithValidUsernameAndInvalidPassword" time="2.623"/>
  <testcase classname="com.selenium.project.testcases.Login" name="loginWithoutProvidingCredentials" time="1.55"/>
  <testcase classname="com.selenium.project.testcases.Login" name="loginWithoutProvidingPassword" time="0.651"/>
  <testcase classname="com.selenium.project.testcases.Login" name="loginWithoutProvidingUsername" time="1.25"/>
</testsuite> <!-- Default test -->
