<?xml version="1.0" encoding="UTF-8"?>
<!-- Generated by org.testng.reporters.JUnitXMLReporter -->
<testsuite ignored="0" hostname="LAPTOP-33RSLTBH" failures="0" tests="9" name="Default test" time="54.812" errors="0" timestamp="2024-12-15T18:45:03 IST">
  <testcase classname="com.selenium.project.testcases.Login" name="loginWithDataDriven" time="2.281"/>
  <testcase classname="com.selenium.project.testcases.Login" name="loginWithDataDriven" time="2.319"/>
  <testcase classname="com.selenium.project.testcases.Login" name="loginWithInValidCredenetials" time="2.332"/>
  <testcase classname="com.selenium.project.testcases.Login" name="loginWithInValidUsernameAndValidPassword" time="2.399"/>
  <testcase classname="com.selenium.project.testcases.Login" name="loginWithValidCredenetials" time="2.263"/>
  <testcase classname="com.selenium.project.testcases.Login" name="loginWithValidUsernameAndInvalidPassword" time="2.22"/>
  <testcase classname="com.selenium.project.testcases.Login" name="loginWithoutProvidingCredentials" time="0.908"/>
  <testcase classname="com.selenium.project.testcases.Login" name="loginWithoutProvidingPassword" time="0.653"/>
  <testcase classname="com.selenium.project.testcases.Login" name="loginWithoutProvidingUsername" time="0.96"/>
</testsuite> <!-- Default test -->
