<?xml version="1.0" encoding="UTF-8"?>
<testng-results ignored="0" total="4" passed="4" failed="0" skipped="0">
  <reporter-output>
  </reporter-output>
  <suite started-at="2024-12-15T17:06:31 IST" name="Default suite" finished-at="2024-12-15T17:06:56 IST" duration-ms="25228">
    <groups>
    </groups>
    <test started-at="2024-12-15T17:06:31 IST" name="Default test" finished-at="2024-12-15T17:06:56 IST" duration-ms="25228">
      <class name="com.selenium.project.testcases.Login">
        <test-method is-config="true" signature="setup()[pri:0, instance:com.selenium.project.testcases.Login@1a6d8329]" started-at="2024-12-15T17:06:31 IST" name="setup" finished-at="2024-12-15T17:06:36 IST" duration-ms="4584" status="PASS">
          <reporter-output>
          </reporter-output>
        </test-method> <!-- setup -->
        <test-method signature="loginWithInValidCredenetials()[pri:0, instance:com.selenium.project.testcases.Login@1a6d8329]" started-at="2024-12-15T17:06:36 IST" name="loginWithInValidCredenetials" finished-at="2024-12-15T17:06:38 IST" duration-ms="2012" status="PASS">
          <reporter-output>
          </reporter-output>
        </test-method> <!-- loginWithInValidCredenetials -->
        <test-method is-config="true" signature="tearDorn()[pri:0, instance:com.selenium.project.testcases.Login@1a6d8329]" started-at="2024-12-15T17:06:38 IST" name="tearDorn" finished-at="2024-12-15T17:06:38 IST" duration-ms="206" status="PASS">
          <reporter-output>
          </reporter-output>
        </test-method> <!-- tearDorn -->
        <test-method is-config="true" signature="setup()[pri:0, instance:com.selenium.project.testcases.Login@1a6d8329]" started-at="2024-12-15T17:06:38 IST" name="setup" finished-at="2024-12-15T17:06:41 IST" duration-ms="3600" status="PASS">
          <reporter-output>
          </reporter-output>
        </test-method> <!-- setup -->
        <test-method signature="loginWithInValidUsernameAndValidPassword()[pri:0, instance:com.selenium.project.testcases.Login@1a6d8329]" started-at="2024-12-15T17:06:41 IST" name="loginWithInValidUsernameAndValidPassword" finished-at="2024-12-15T17:06:43 IST" duration-ms="1866" status="PASS">
          <reporter-output>
          </reporter-output>
        </test-method> <!-- loginWithInValidUsernameAndValidPassword -->
        <test-method is-config="true" signature="tearDorn()[pri:0, instance:com.selenium.project.testcases.Login@1a6d8329]" started-at="2024-12-15T17:06:43 IST" name="tearDorn" finished-at="2024-12-15T17:06:44 IST" duration-ms="167" status="PASS">
          <reporter-output>
          </reporter-output>
        </test-method> <!-- tearDorn -->
        <test-method is-config="true" signature="setup()[pri:0, instance:com.selenium.project.testcases.Login@1a6d8329]" started-at="2024-12-15T17:06:44 IST" name="setup" finished-at="2024-12-15T17:06:47 IST" duration-ms="3841" status="PASS">
          <reporter-output>
          </reporter-output>
        </test-method> <!-- setup -->
        <test-method signature="loginWithValidCredenetials()[pri:0, instance:com.selenium.project.testcases.Login@1a6d8329]" started-at="2024-12-15T17:06:47 IST" name="loginWithValidCredenetials" finished-at="2024-12-15T17:06:50 IST" duration-ms="2375" status="PASS">
          <reporter-output>
          </reporter-output>
        </test-method> <!-- loginWithValidCredenetials -->
        <test-method is-config="true" signature="tearDorn()[pri:0, instance:com.selenium.project.testcases.Login@1a6d8329]" started-at="2024-12-15T17:06:50 IST" name="tearDorn" finished-at="2024-12-15T17:06:50 IST" duration-ms="168" status="PASS">
          <reporter-output>
          </reporter-output>
        </test-method> <!-- tearDorn -->
        <test-method is-config="true" signature="setup()[pri:0, instance:com.selenium.project.testcases.Login@1a6d8329]" started-at="2024-12-15T17:06:50 IST" name="setup" finished-at="2024-12-15T17:06:54 IST" duration-ms="3629" status="PASS">
          <reporter-output>
          </reporter-output>
        </test-method> <!-- setup -->
        <test-method signature="loginWithValidUsernameAndInvalidPassword()[pri:0, instance:com.selenium.project.testcases.Login@1a6d8329]" started-at="2024-12-15T17:06:54 IST" name="loginWithValidUsernameAndInvalidPassword" finished-at="2024-12-15T17:06:56 IST" duration-ms="2532" status="PASS">
          <reporter-output>
          </reporter-output>
        </test-method> <!-- loginWithValidUsernameAndInvalidPassword -->
        <test-method is-config="true" signature="tearDorn()[pri:0, instance:com.selenium.project.testcases.Login@1a6d8329]" started-at="2024-12-15T17:06:56 IST" name="tearDorn" finished-at="2024-12-15T17:06:56 IST" duration-ms="179" status="PASS">
          <reporter-output>
          </reporter-output>
        </test-method> <!-- tearDorn -->
      </class> <!-- com.selenium.project.testcases.Login -->
    </test> <!-- Default test -->
  </suite> <!-- Default suite -->
</testng-results>
